\BOOKMARK [1][-]{section.1}{\376\377\000I\000n\000t\000r\000o\000d\000u\000c\000t\000i\000o\000n}{}% 1
\BOOKMARK [1][-]{section.2}{\376\377\000B\000a\000c\000k\000g\000r\000o\000u\000n\000d\000\040\000I\000n\000f\000o\000r\000m\000a\000t\000i\000o\000n}{}% 2
\BOOKMARK [2][-]{subsection.2.1}{\376\377\000K\000e\000y\000\040\000C\000o\000n\000c\000e\000p\000t\000s}{section.2}% 3
\BOOKMARK [1][-]{section.3}{\376\377\000I\000n\000s\000t\000a\000l\000l\000a\000t\000i\000o\000n}{}% 4
\BOOKMARK [2][-]{subsection.3.1}{\376\377\000P\000r\000e\000r\000e\000q\000u\000i\000s\000i\000t\000e\000s}{section.3}% 5
\BOOKMARK [2][-]{subsection.3.2}{\376\377\000G\000i\000t\000\040\000L\000F\000S\000\040\000S\000e\000t\000u\000p}{section.3}% 6
\BOOKMARK [2][-]{subsection.3.3}{\376\377\000C\000l\000o\000n\000i\000n\000g\000\040\000t\000h\000e\000\040\000R\000e\000p\000o\000s\000i\000t\000o\000r\000y}{section.3}% 7
\BOOKMARK [2][-]{subsection.3.4}{\376\377\000I\000n\000s\000t\000a\000l\000l\000i\000n\000g\000\040\000D\000e\000p\000e\000n\000d\000e\000n\000c\000i\000e\000s}{section.3}% 8
\BOOKMARK [2][-]{subsection.3.5}{\376\377\000R\000u\000n\000n\000i\000n\000g\000\040\000t\000h\000e\000\040\000S\000i\000m\000u\000l\000a\000t\000o\000r}{section.3}% 9
\BOOKMARK [1][-]{section.4}{\376\377\000G\000e\000t\000t\000i\000n\000g\000\040\000S\000t\000a\000r\000t\000e\000d}{}% 10
\BOOKMARK [2][-]{subsection.4.1}{\376\377\000U\000s\000e\000r\000\040\000I\000n\000t\000e\000r\000f\000a\000c\000e\000\040\000O\000v\000e\000r\000v\000i\000e\000w}{section.4}% 11
\BOOKMARK [1][-]{section.5}{\376\377\000U\000s\000i\000n\000g\000\040\000t\000h\000e\000\040\000S\000i\000m\000u\000l\000a\000t\000o\000r}{}% 12
\BOOKMARK [2][-]{subsection.5.1}{\376\377\000N\000a\000v\000i\000g\000a\000t\000i\000n\000g\000\040\000t\000h\000e\000\040\000S\000o\000l\000a\000r\000\040\000S\000y\000s\000t\000e\000m}{section.5}% 13
\BOOKMARK [2][-]{subsection.5.2}{\376\377\000I\000n\000t\000e\000r\000a\000c\000t\000i\000n\000g\000\040\000w\000i\000t\000h\000\040\000P\000l\000a\000n\000e\000t\000s}{section.5}% 14
\BOOKMARK [2][-]{subsection.5.3}{\376\377\000A\000d\000j\000u\000s\000t\000i\000n\000g\000\040\000T\000i\000m\000e\000\040\000S\000p\000e\000e\000d}{section.5}% 15
\BOOKMARK [2][-]{subsection.5.4}{\376\377\000C\000o\000n\000t\000r\000o\000l\000l\000i\000n\000g\000\040\000O\000r\000b\000i\000t\000s}{section.5}% 16
\BOOKMARK [1][-]{section.6}{\376\377\000T\000e\000c\000h\000n\000i\000c\000a\000l\000\040\000C\000h\000a\000l\000l\000e\000n\000g\000e\000s\000\040\000a\000n\000d\000\040\000D\000e\000s\000i\000g\000n\000\040\000D\000e\000c\000i\000s\000i\000o\000n\000s}{}% 17
\BOOKMARK [2][-]{subsection.6.1}{\376\377\000A\000c\000c\000u\000r\000a\000t\000e\000\040\000O\000r\000b\000i\000t\000a\000l\000\040\000M\000e\000c\000h\000a\000n\000i\000c\000s}{section.6}% 18
\BOOKMARK [3][-]{subsubsection.6.1.1}{\376\377\000D\000e\000s\000i\000g\000n\000\040\000D\000e\000c\000i\000s\000i\000o\000n}{subsection.6.1}% 19
\BOOKMARK [2][-]{subsection.6.2}{\376\377\000P\000e\000r\000f\000o\000r\000m\000a\000n\000c\000e\000\040\000O\000p\000t\000i\000m\000i\000z\000a\000t\000i\000o\000n}{section.6}% 20
\BOOKMARK [3][-]{subsubsection.6.2.1}{\376\377\000D\000e\000s\000i\000g\000n\000\040\000D\000e\000c\000i\000s\000i\000o\000n}{subsection.6.2}% 21
\BOOKMARK [2][-]{subsection.6.3}{\376\377\000V\000i\000s\000u\000a\000l\000\040\000R\000e\000a\000l\000i\000s\000m}{section.6}% 22
\BOOKMARK [3][-]{subsubsection.6.3.1}{\376\377\000D\000e\000s\000i\000g\000n\000\040\000D\000e\000c\000i\000s\000i\000o\000n}{subsection.6.3}% 23
\BOOKMARK [2][-]{subsection.6.4}{\376\377\000U\000s\000e\000r\000\040\000I\000n\000t\000e\000r\000f\000a\000c\000e\000\040\000D\000e\000s\000i\000g\000n}{section.6}% 24
\BOOKMARK [3][-]{subsubsection.6.4.1}{\376\377\000D\000e\000s\000i\000g\000n\000\040\000D\000e\000c\000i\000s\000i\000o\000n}{subsection.6.4}% 25
\BOOKMARK [2][-]{subsection.6.5}{\376\377\000T\000i\000m\000e\000\040\000M\000a\000n\000i\000p\000u\000l\000a\000t\000i\000o\000n}{section.6}% 26
\BOOKMARK [3][-]{subsubsection.6.5.1}{\376\377\000D\000e\000s\000i\000g\000n\000\040\000D\000e\000c\000i\000s\000i\000o\000n}{subsection.6.5}% 27
\BOOKMARK [1][-]{section.7}{\376\377\000F\000e\000a\000t\000u\000r\000e\000s\000\040\000O\000v\000e\000r\000v\000i\000e\000w}{}% 28
\BOOKMARK [2][-]{subsection.7.1}{\376\377\000R\000e\000a\000l\000i\000s\000t\000i\000c\000\040\000P\000l\000a\000n\000e\000t\000\040\000T\000e\000x\000t\000u\000r\000e\000s}{section.7}% 29
\BOOKMARK [2][-]{subsection.7.2}{\376\377\000A\000c\000c\000u\000r\000a\000t\000e\000\040\000O\000r\000b\000i\000t\000s}{section.7}% 30
\BOOKMARK [2][-]{subsection.7.3}{\376\377\000I\000n\000t\000e\000r\000a\000c\000t\000i\000v\000e\000\040\000C\000o\000n\000t\000r\000o\000l\000s}{section.7}% 31
\BOOKMARK [2][-]{subsection.7.4}{\376\377\000I\000n\000f\000o\000r\000m\000a\000t\000i\000v\000e\000\040\000P\000a\000n\000e\000l\000s}{section.7}% 32
\BOOKMARK [2][-]{subsection.7.5}{\376\377\000V\000i\000s\000u\000a\000l\000\040\000E\000f\000f\000e\000c\000t\000s}{section.7}% 33
\BOOKMARK [2][-]{subsection.7.6}{\376\377\000R\000e\000s\000p\000o\000n\000s\000i\000v\000e\000\040\000D\000e\000s\000i\000g\000n}{section.7}% 34
\BOOKMARK [1][-]{section.8}{\376\377\000T\000r\000o\000u\000b\000l\000e\000s\000h\000o\000o\000t\000i\000n\000g}{}% 35
\BOOKMARK [2][-]{subsection.8.1}{\376\377\000P\000l\000a\000n\000e\000t\000s\000\040\000A\000p\000p\000e\000a\000r\000\040\000W\000i\000t\000h\000o\000u\000t\000\040\000T\000e\000x\000t\000u\000r\000e\000s}{section.8}% 36
\BOOKMARK [2][-]{subsection.8.2}{\376\377\000P\000e\000r\000f\000o\000r\000m\000a\000n\000c\000e\000\040\000I\000s\000s\000u\000e\000s}{section.8}% 37
\BOOKMARK [2][-]{subsection.8.3}{\376\377\000C\000o\000n\000t\000r\000o\000l\000s\000\040\000N\000o\000t\000\040\000R\000e\000s\000p\000o\000n\000d\000i\000n\000g}{section.8}% 38
\BOOKMARK [2][-]{subsection.8.4}{\376\377\000O\000r\000b\000i\000t\000\040\000P\000a\000t\000h\000s\000\040\000N\000o\000t\000\040\000V\000i\000s\000i\000b\000l\000e}{section.8}% 39
\BOOKMARK [1][-]{section.9}{\376\377\000C\000r\000e\000d\000i\000t\000s\000\040\000a\000n\000d\000\040\000R\000e\000s\000o\000u\000r\000c\000e\000s}{}% 40
\BOOKMARK [2][-]{subsection.9.1}{\376\377\000T\000e\000x\000t\000u\000r\000e\000s}{section.9}% 41
\BOOKMARK [2][-]{subsection.9.2}{\376\377\000L\000i\000b\000r\000a\000r\000i\000e\000s\000\040\000a\000n\000d\000\040\000T\000o\000o\000l\000s}{section.9}% 42
\BOOKMARK [2][-]{subsection.9.3}{\376\377\000F\000u\000r\000t\000h\000e\000r\000\040\000R\000e\000a\000d\000i\000n\000g}{section.9}% 43
\BOOKMARK [1][-]{section.10}{\376\377\000C\000o\000n\000c\000l\000u\000s\000i\000o\000n}{}% 44
